# JRE version: OpenJDK Runtime Environment (21.0.9) (build 21.0.9+-14787801-b1163.94)
# Java VM: OpenJDK 64-Bit Server VM (21.0.9+-14787801-b1163.94, mixed mode, tiered, compressed oops, compressed class ptrs, g1 gc, windows-amd64)
GC Precious Log:
 CardTable entry size: 512
 Card Set container configuration: InlinePtr #cards 4 size 8 Array Of Cards #cards 16 size 48 Howl #buckets 8 coarsen threshold 3686 Howl Bitmap #cards 512 size 80 coarsen threshold 460 Card regions per heap region 1 cards per card region 4096
 CPUs: 16 total, 16 available
 Memory: 16004M
 Large Page Support: Disabled
 NUMA Support: Disabled
 Compressed Oops: Enabled (Zero based)
 Heap Region Size: 2M
 Heap Min Capacity: 8M
 Heap Initial Capacity: 8M
 Heap Max Capacity: 4002M
 Pre-touch: Disabled
 Parallel Workers: 13
 Concurrent Workers: 3
 Concurrent Refinement Workers: 13
 Periodic GC: Disabled
Heap:
 garbage-first heap   total 12288K, used 3014K [0x0000000705e00000, 0x0000000800000000)
  region size 2048K, 1 young (2048K), 1 survivors (2048K)
 Metaspace       used 15791K, committed 15936K, reserved 1114112K
  class space    used 1730K, committed 1792K, reserved 1048576K
GC Heap History (17 events):
Event: 0.177 GC heap before
{Heap before GC invocations=0 (full 0):
 garbage-first heap   total 8192K, used 2048K [0x0000000705e00000, 0x0000000800000000)
  region size 2048K, 1 young (2048K), 0 survivors (0K)
 Metaspace       used 6567K, committed 6720K, reserved 1114112K
  class space    used 607K, committed 704K, reserved 1048576K
}
Event: 0.179 GC heap after
{Heap after GC invocations=1 (full 0):
 garbage-first heap   total 8192K, used 832K [0x0000000705e00000, 0x0000000800000000)
  region size 2048K, 1 young (2048K), 1 survivors (2048K)
 Metaspace       used 6567K, committed 6720K, reserved 1114112K
  class space    used 607K, committed 704K, reserved 1048576K
}
Event: 0.233 GC heap before
{Heap before GC invocations=1 (full 0):
 garbage-first heap   total 8192K, used 2880K [0x0000000705e00000, 0x0000000800000000)
  region size 2048K, 2 young (4096K), 1 survivors (2048K)
 Metaspace       used 7558K, committed 7744K, reserved 1114112K
  class space    used 728K, committed 832K, reserved 1048576K
}
Event: 0.236 GC heap after
{Heap after GC invocations=2 (full 0):
 garbage-first heap   total 8192K, used 907K [0x0000000705e00000, 0x0000000800000000)
  region size 2048K, 1 young (2048K), 1 survivors (2048K)
 Metaspace       used 7558K, committed 7744K, reserved 1114112K
  class space    used 728K, committed 832K, reserved 1048576K
}
Event: 0.286 GC heap before
{Heap before GC invocations=2 (full 0):
 garbage-first heap   total 8192K, used 907K [0x0000000705e00000, 0x0000000800000000)
  region size 2048K, 2 young (4096K), 1 survivors (2048K)
 Metaspace       used 8572K, committed 8640K, reserved 1114112K
  class space    used 863K, committed 896K, reserved 1048576K
}
Event: 0.288 GC heap after
{Heap after GC invocations=3 (full 0):
 garbage-first heap   total 8192K, used 1119K [0x0000000705e00000, 0x0000000800000000)
  region size 2048K, 1 young (2048K), 1 survivors (2048K)
 Metaspace       used 8572K, committed 8640K, reserved 1114112K
  class space    used 863K, committed 896K, reserved 1048576K
}
Event: 0.341 GC heap before
{Heap before GC invocations=3 (full 0):
 garbage-first heap   total 8192K, used 3167K [0x0000000705e00000, 0x0000000800000000)
  region size 2048K, 2 young (4096K), 1 survivors (2048K)
 Metaspace       used 9609K, committed 9792K, reserved 1114112K
  class space    used 1011K, committed 1088K, reserved 1048576K
}
Event: 0.345 GC heap after
{Heap after GC invocations=4 (full 0):
 garbage-first heap   total 8192K, used 1258K [0x0000000705e00000, 0x0000000800000000)
  region size 2048K, 1 young (2048K), 1 survivors (2048K)
 Metaspace       used 9609K, committed 9792K, reserved 1114112K
  class space    used 1011K, committed 1088K, reserved 1048576K
}
Event: 0.370 GC heap before
{Heap before GC invocations=4 (full 0):
 garbage-first heap   total 8192K, used 3306K [0x0000000705e00000, 0x0000000800000000)
  region size 2048K, 2 young (4096K), 1 survivors (2048K)
 Metaspace       used 10165K, committed 10304K, reserved 1114112K
  class space    used 1091K, committed 1152K, reserved 1048576K
}
Event: 0.373 GC heap after
{Heap after GC invocations=5 (full 0):
 garbage-first heap   total 12288K, used 1646K [0x0000000705e00000, 0x0000000800000000)
  region size 2048K, 1 young (2048K), 1 survivors (2048K)
 Metaspace       used 10165K, committed 10304K, reserved 1114112K
  class space    used 1091K, committed 1152K, reserved 1048576K
}
Event: 0.434 GC heap before
{Heap before GC invocations=5 (full 0):
 garbage-first heap   total 12288K, used 3694K [0x0000000705e00000, 0x0000000800000000)
  region size 2048K, 3 young (6144K), 1 survivors (2048K)
 Metaspace       used 11347K, committed 11456K, reserved 1114112K
  class space    used 1241K, committed 1280K, reserved 1048576K
}
Event: 0.437 GC heap after
{Heap after GC invocations=6 (full 0):
 garbage-first heap   total 12288K, used 1651K [0x0000000705e00000, 0x0000000800000000)
  region size 2048K, 1 young (2048K), 1 survivors (2048K)
 Metaspace       used 11347K, committed 11456K, reserved 1114112K
  class space    used 1241K, committed 1280K, reserved 1048576K
}
Event: 0.485 GC heap before
{Heap before GC invocations=6 (full 0):
 garbage-first heap   total 12288K, used 5747K [0x0000000705e00000, 0x0000000800000000)
  region size 2048K, 3 young (6144K), 1 survivors (2048K)
 Metaspace       used 12452K, committed 12608K, reserved 1114112K
  class space    used 1389K, committed 1472K, reserved 1048576K
}
Event: 0.487 GC heap after
{Heap after GC invocations=7 (full 0):
 garbage-first heap   total 12288K, used 1742K [0x0000000705e00000, 0x0000000800000000)
  region size 2048K, 1 young (2048K), 1 survivors (2048K)
 Metaspace       used 12452K, committed 12608K, reserved 1114112K
  class space    used 1389K, committed 1472K, reserved 1048576K
}
Event: 0.549 GC heap before
{Heap before GC invocations=7 (full 0):
 garbage-first heap   total 12288K, used 3790K [0x0000000705e00000, 0x0000000800000000)
  region size 2048K, 3 young (6144K), 1 survivors (2048K)
 Metaspace       used 13591K, committed 13696K, reserved 1114112K
  class space    used 1519K, committed 1600K, reserved 1048576K
}
Event: 0.552 GC heap after
{Heap after GC invocations=8 (full 0):
 garbage-first heap   total 12288K, used 2186K [0x0000000705e00000, 0x0000000800000000)
  region size 2048K, 1 young (2048K), 1 survivors (2048K)
 Metaspace       used 13591K, committed 13696K, reserved 1114112K
  class space    used 1519K, committed 1600K, reserved 1048576K
}
Event: 0.703 GC heap before
{Heap before GC invocations=8 (full 0):
 garbage-first heap   total 12288K, used 6282K [0x0000000705e00000, 0x0000000800000000)
  region size 2048K, 3 young (6144K), 1 survivors (2048K)
 Metaspace       used 15791K, committed 15936K, reserved 1114112K
  class space    used 1730K, committed 1792K, reserved 1048576K
}

